Starting Dynare (version 6.4).
Calling Dynare with arguments: none
Starting preprocessing of the model file ...
Found 3 equation(s).
Evaluating expressions...
Computing static model derivatives (order 1).
Normalizing the static model...
Finding the optimal block decomposition of the static model...
1 block(s) found:
  0 recursive block(s) and 1 simultaneous block(s).
  the largest simultaneous block has 3 equation(s)
                                 and 3 feedback variable(s).
Computing dynamic model derivatives (order 2).
Normalizing the dynamic model...
Finding the optimal block decomposition of the dynamic model...
1 block(s) found:
  0 recursive block(s) and 1 simultaneous block(s).
  the largest simultaneous block has 3 equation(s)
                                 and 3 feedback variable(s).
Preprocessing completed.
Preprocessing time: 0h00m00s.

STEADY-STATE RESULTS:

x  		 0
pi 		 0
i  		 0

EIGENVALUES:
         Modulus             Real        Imaginary
          0.5823           0.5823                0
          0.9483           0.9483                0
           1.281            1.281                0

There are 1 eigenvalue(s) larger than 1 in modulus for 2 forward-looking variable(s)
The rank condition ISN'T verified!

