Starting Dynare (version 4.4.3).
Starting preprocessing of the model file ...
Found 7 equation(s).
Evaluating expressions...done
Computing static model derivatives:
 - order 1
Computing dynamic model derivatives:
 - order 1
Processing outputs ...done
Preprocessing completed.
Starting MATLAB/Octave computing.

STEADY-STATE RESULTS:

c    		 0.642645
k    		 1.48996
rq   		 0.252632
wq   		 0.764226
Rbig 		 1.05263
sq   		 1.05263
qt   		 2.30028

STEADY-STATE RESULTS:

c    		 0.608336
k    		 1.0679
rq   		 0.315789
wq   		 0.684684
Rbig 		 1.05263
sq   		 1.05263
qt   		 2.56706
-----------------------------------------------------
MODEL SIMULATION:


Simulation concluded successfully after 5 iterations.
Total time of simulation        :      0.109
Convergency obtained.
-----------------------------------------------------

Total computing time : 0h00m02s
Note: warning(s) encountered in MATLAB/Octave code
